Determining if the pthread_create exist failed with the following output:
Change Dir: /home/zhanggengyuan/robocup_home/ros/workspace/roboCupHome_tutorial_GengyuanZhang/build/CMakeFiles/CMakeTmp

Run Build Command:"/usr/bin/make" "cmTC_b1d89/fast"
/usr/bin/make -f CMakeFiles/cmTC_b1d89.dir/build.make CMakeFiles/cmTC_b1d89.dir/build
make[1]: Entering directory '/home/zhanggengyuan/robocup_home/ros/workspace/roboCupHome_tutorial_GengyuanZhang/build/CMakeFiles/CMakeTmp'
Building C object CMakeFiles/cmTC_b1d89.dir/CheckSymbolExists.c.o
/usr/bin/cc     -o CMakeFiles/cmTC_b1d89.dir/CheckSymbolExists.c.o   -c /home/zhanggengyuan/robocup_home/ros/workspace/roboCupHome_tutorial_GengyuanZhang/build/CMakeFiles/CMakeTmp/CheckSymbolExists.c
Linking C executable cmTC_b1d89
/usr/bin/cmake -E cmake_link_script CMakeFiles/cmTC_b1d89.dir/link.txt --verbose=1
/usr/bin/cc       CMakeFiles/cmTC_b1d89.dir/CheckSymbolExists.c.o  -o cmTC_b1d89 -rdynamic 
CMakeFiles/cmTC_b1d89.dir/CheckSymbolExists.c.o: In function `main':
CheckSymbolExists.c:(.text+0x16): undefined reference to `pthread_create'
collect2: error: ld returned 1 exit status
CMakeFiles/cmTC_b1d89.dir/build.make:97: recipe for target 'cmTC_b1d89' failed
make[1]: *** [cmTC_b1d89] Error 1
make[1]: Leaving directory '/home/zhanggengyuan/robocup_home/ros/workspace/roboCupHome_tutorial_GengyuanZhang/build/CMakeFiles/CMakeTmp'
Makefile:126: recipe for target 'cmTC_b1d89/fast' failed
make: *** [cmTC_b1d89/fast] Error 2

File /home/zhanggengyuan/robocup_home/ros/workspace/roboCupHome_tutorial_GengyuanZhang/build/CMakeFiles/CMakeTmp/CheckSymbolExists.c:
/* */
#include <pthread.h>

int main(int argc, char** argv)
{
  (void)argv;
#ifndef pthread_create
  return ((int*)(&pthread_create))[argc];
#else
  (void)argc;
  return 0;
#endif
}

Determining if the function pthread_create exists in the pthreads failed with the following output:
Change Dir: /home/zhanggengyuan/robocup_home/ros/workspace/roboCupHome_tutorial_GengyuanZhang/build/CMakeFiles/CMakeTmp

Run Build Command:"/usr/bin/make" "cmTC_670ec/fast"
/usr/bin/make -f CMakeFiles/cmTC_670ec.dir/build.make CMakeFiles/cmTC_670ec.dir/build
make[1]: Entering directory '/home/zhanggengyuan/robocup_home/ros/workspace/roboCupHome_tutorial_GengyuanZhang/build/CMakeFiles/CMakeTmp'
Building C object CMakeFiles/cmTC_670ec.dir/CheckFunctionExists.c.o
/usr/bin/cc    -DCHECK_FUNCTION_EXISTS=pthread_create   -o CMakeFiles/cmTC_670ec.dir/CheckFunctionExists.c.o   -c /usr/share/cmake-3.5/Modules/CheckFunctionExists.c
Linking C executable cmTC_670ec
/usr/bin/cmake -E cmake_link_script CMakeFiles/cmTC_670ec.dir/link.txt --verbose=1
/usr/bin/cc   -DCHECK_FUNCTION_EXISTS=pthread_create    CMakeFiles/cmTC_670ec.dir/CheckFunctionExists.c.o  -o cmTC_670ec -rdynamic -lpthreads 
/usr/bin/ld: cannot find -lpthreads
collect2: error: ld returned 1 exit status
CMakeFiles/cmTC_670ec.dir/build.make:97: recipe for target 'cmTC_670ec' failed
make[1]: *** [cmTC_670ec] Error 1
make[1]: Leaving directory '/home/zhanggengyuan/robocup_home/ros/workspace/roboCupHome_tutorial_GengyuanZhang/build/CMakeFiles/CMakeTmp'
Makefile:126: recipe for target 'cmTC_670ec/fast' failed
make: *** [cmTC_670ec/fast] Error 2


