Determining if the pthread_create exist failed with the following output:
Change Dir: /home/zhanggengyuan/robocup_home/ros/workspace/roboCupHome_tutorial_GengyuanZhang/build/turtle_vis/CMakeFiles/CMakeTmp

Run Build Command:"/usr/bin/make" "cmTC_b7256/fast"
/usr/bin/make -f CMakeFiles/cmTC_b7256.dir/build.make CMakeFiles/cmTC_b7256.dir/build
make[1]: Entering directory '/home/zhanggengyuan/robocup_home/ros/workspace/roboCupHome_tutorial_GengyuanZhang/build/turtle_vis/CMakeFiles/CMakeTmp'
Building C object CMakeFiles/cmTC_b7256.dir/CheckSymbolExists.c.o
/usr/bin/cc     -o CMakeFiles/cmTC_b7256.dir/CheckSymbolExists.c.o   -c /home/zhanggengyuan/robocup_home/ros/workspace/roboCupHome_tutorial_GengyuanZhang/build/turtle_vis/CMakeFiles/CMakeTmp/CheckSymbolExists.c
Linking C executable cmTC_b7256
/usr/bin/cmake -E cmake_link_script CMakeFiles/cmTC_b7256.dir/link.txt --verbose=1
/usr/bin/cc       CMakeFiles/cmTC_b7256.dir/CheckSymbolExists.c.o  -o cmTC_b7256 -rdynamic 
CMakeFiles/cmTC_b7256.dir/CheckSymbolExists.c.o: In function `main':
CheckSymbolExists.c:(.text+0x16): undefined reference to `pthread_create'
collect2: error: ld returned 1 exit status
CMakeFiles/cmTC_b7256.dir/build.make:97: recipe for target 'cmTC_b7256' failed
make[1]: *** [cmTC_b7256] Error 1
make[1]: Leaving directory '/home/zhanggengyuan/robocup_home/ros/workspace/roboCupHome_tutorial_GengyuanZhang/build/turtle_vis/CMakeFiles/CMakeTmp'
Makefile:126: recipe for target 'cmTC_b7256/fast' failed
make: *** [cmTC_b7256/fast] Error 2

File /home/zhanggengyuan/robocup_home/ros/workspace/roboCupHome_tutorial_GengyuanZhang/build/turtle_vis/CMakeFiles/CMakeTmp/CheckSymbolExists.c:
/* */
#include <pthread.h>

int main(int argc, char** argv)
{
  (void)argv;
#ifndef pthread_create
  return ((int*)(&pthread_create))[argc];
#else
  (void)argc;
  return 0;
#endif
}

Determining if the function pthread_create exists in the pthreads failed with the following output:
Change Dir: /home/zhanggengyuan/robocup_home/ros/workspace/roboCupHome_tutorial_GengyuanZhang/build/turtle_vis/CMakeFiles/CMakeTmp

Run Build Command:"/usr/bin/make" "cmTC_99cef/fast"
/usr/bin/make -f CMakeFiles/cmTC_99cef.dir/build.make CMakeFiles/cmTC_99cef.dir/build
make[1]: Entering directory '/home/zhanggengyuan/robocup_home/ros/workspace/roboCupHome_tutorial_GengyuanZhang/build/turtle_vis/CMakeFiles/CMakeTmp'
Building C object CMakeFiles/cmTC_99cef.dir/CheckFunctionExists.c.o
/usr/bin/cc    -DCHECK_FUNCTION_EXISTS=pthread_create   -o CMakeFiles/cmTC_99cef.dir/CheckFunctionExists.c.o   -c /usr/share/cmake-3.5/Modules/CheckFunctionExists.c
Linking C executable cmTC_99cef
/usr/bin/cmake -E cmake_link_script CMakeFiles/cmTC_99cef.dir/link.txt --verbose=1
/usr/bin/cc   -DCHECK_FUNCTION_EXISTS=pthread_create    CMakeFiles/cmTC_99cef.dir/CheckFunctionExists.c.o  -o cmTC_99cef -rdynamic -lpthreads 
/usr/bin/ld: cannot find -lpthreads
collect2: error: ld returned 1 exit status
CMakeFiles/cmTC_99cef.dir/build.make:97: recipe for target 'cmTC_99cef' failed
make[1]: *** [cmTC_99cef] Error 1
make[1]: Leaving directory '/home/zhanggengyuan/robocup_home/ros/workspace/roboCupHome_tutorial_GengyuanZhang/build/turtle_vis/CMakeFiles/CMakeTmp'
Makefile:126: recipe for target 'cmTC_99cef/fast' failed
make: *** [cmTC_99cef/fast] Error 2


